<?xml version="1.0" encoding="UTF-8"?>
<TestRun id="71ba79c0-feef-499f-a7b6-e8e0a9d1033c" name="mycomp@MYCOMP-PC 2013-01-01 01:11:33" runUser="mycomp-PC\mycomp" xmlns="http://microsoft.com/schemas/VisualStudio/TeamTest/2010">
  <TestSettings name="Local" id="547c49a8-b5a3-434a-aff2-767357b7fb43">
    <Description>These are default test settings for a local test run.</Description>
    <Execution>
      <TestTypeSpecific />
      <AgentRule name="Execution Agents">
      </AgentRule>
    </Execution>
    <Deployment runDeploymentRoot="mycomp_MYCOMP-PC 2013-01-01 01_11_33" />
  </TestSettings>
  <Times creation="2013-01-01T01:11:33.9857368-08:00" queuing="2013-01-01T01:11:37.6629472-08:00" start="2013-01-01T01:11:38.1369743-08:00" finish="2013-01-01T01:11:38.8930175-08:00" />
  <ResultSummary outcome="Completed">
    <Counters total="1" executed="1" passed="1" error="0" failed="0" timeout="0" aborted="0" inconclusive="0" passedButRunAborted="0" notRunnable="0" notExecuted="0" disconnected="0" warning="0" completed="0" inProgress="0" pending="0" />
  </ResultSummary>
  <TestDefinitions>
    <WebTest name="WebTest1" storage="c:\users\mycomp\documents\visual studio 2010\projects\webapplication1\testproject1\webtest1.webtest" id="4c72d940-e424-4db1-8f35-73d6663fcfb5" persistedWebTest="77u/PD94bWwgdmVyc2lvbj0iMS4wIiBlbmNvZGluZz0iVVRGLTgiIHN0YW5kYWxvbmU9InllcyI/Pg0KPFdlYlRlc3QgTmFtZT0iV2ViVGVzdDEiIElkPSI0YzcyZDk0MC1lNDI0LTRkYjEtOGYzNS03M2Q2NjYzZmNmYjUiIE93bmVyPSIiIFByaW9yaXR5PSIyMTQ3NDgzNjQ3IiBFbmFibGVkPSJUcnVlIiBDc3NQcm9qZWN0U3RydWN0dXJlPSIiIENzc0l0ZXJhdGlvbj0iIiBUaW1lb3V0PSIwIiBXb3JrSXRlbUlkcz0iIiB4bWxucz0iaHR0cDovL21pY3Jvc29mdC5jb20vc2NoZW1hcy9WaXN1YWxTdHVkaW8vVGVhbVRlc3QvMjAxMCIgRGVzY3JpcHRpb249IiIgQ3JlZGVudGlhbFVzZXJOYW1lPSIiIENyZWRlbnRpYWxQYXNzd29yZD0iIiBQcmVBdXRoZW50aWNhdGU9IlRydWUiIFByb3h5PSIiIFN0b3BPbkVycm9yPSJGYWxzZSIgUmVjb3JkZWRSZXN1bHRGaWxlPSIiIC8+">
      <Execution id="e854a1f8-c7bf-4a2d-be78-a920197ee764" />
    </WebTest>
  </TestDefinitions>
  <TestLists>
    <TestList name="Results Not in a List" id="8c84fa94-04c1-424b-9868-57a2d4851a1d" />
    <TestList name="All Loaded Results" id="19431567-8539-422a-85d7-44ee4e166bda" />
  </TestLists>
  <TestEntries>
    <TestEntry isTransparent="false" testId="4c72d940-e424-4db1-8f35-73d6663fcfb5" executionId="e854a1f8-c7bf-4a2d-be78-a920197ee764" testListId="8c84fa94-04c1-424b-9868-57a2d4851a1d" />
  </TestEntries>
  <Results>
    <WebTestResult executionId="e854a1f8-c7bf-4a2d-be78-a920197ee764" testId="4c72d940-e424-4db1-8f35-73d6663fcfb5" testName="WebTest1" computerName="MYCOMP-PC" duration="00:00:00.0306911" startTime="2013-01-01T01:11:38.3619871-08:00" endTime="2013-01-01T01:11:38.8360143-08:00" testType="4e7599fa-5ecb-43e9-a887-cd63cf72d207" outcome="Passed" testListId="8c84fa94-04c1-424b-9868-57a2d4851a1d" relativeResultsDirectory="e854a1f8-c7bf-4a2d-be78-a920197ee764">
      <ResultFiles>
        <ResultFile path="WebTest1.webtestResult" />
      </ResultFiles>
      <TestSettings name="Local" id="547c49a8-b5a3-434a-aff2-767357b7fb43">
        <Description>These are default test settings for a local test run.</Description>
        <Execution>
          <TestTypeSpecific>
            <WebTestRunConfiguration testTypeId="4e7599fa-5ecb-43e9-a887-cd63cf72d207">
              <Browser name="Internet Explorer 7.0">
                <Headers>
                  <Header name="User-Agent" value="Mozilla/4.0 (compatible; MSIE 7.0; Windows NT 5.1)" />
                  <Header name="Accept" value="*/*" />
                  <Header name="Accept-Language" value="{{$IEAcceptLanguage}}" />
                  <Header name="Accept-Encoding" value="GZIP" />
                </Headers>
              </Browser>
            </WebTestRunConfiguration>
          </TestTypeSpecific>
          <AgentRule name="Execution Agents">
          </AgentRule>
        </Execution>
        <Deployment runDeploymentRoot="mycomp_MYCOMP-PC 2013-01-01 01_11_33" />
      </TestSettings>
      <WebTestResultFilePath>mycomp_MYCOMP-PC 2013-01-01 01_11_33\In\e854a1f8-c7bf-4a2d-be78-a920197ee764\WebTest1.webtestResult</WebTestResultFilePath>
    </WebTestResult>
  </Results>
</TestRun>